Optimization of parameters started
Total number of grid parameters to test: 84
[0s] Iteration 1
Optimal gridType: concentric polar
Optimal gridSize: 12,2
Optimal cellFilter: gaussian
Optimal PRAUC: 0.79881
Optimizing parameter: gridRadius
Iteration 1, values: 2.5,5,7.5,10,12.5,15,17.5,20,30,40
Optimal this iteration: 7.5
Optimal PRAUC: 0.83492
Iteration 2, values: 3.75,4.5833,5.4167,6.25,7.0833,7.9167,8.75,9.5833,10.4167,11.25,7.5
Optimal this iteration: 8.75
Optimal PRAUC: 0.83613
Final optimal value: 8.75
Optimizing parameter: centerSigma
Iteration 1, values: 0.33333,0.66667,1,1.3333,1.6667,2,3,4,0.33333,0.66667,1,1.3333,1.6667,2,3,4
Optimal this iteration: 1.6667,1.6667
Optimal PRAUC: 0.83649
Iteration 2, values: 1.3,1.4048,1.5095,1.6143,1.719,1.8238,1.9286,2.0333,1.6667,1.3,1.4048,1.5095,1.6143,1.719,1.8238,1.9286,2.0333,1.6667
Optimal this iteration: 1.5095,1.5095
Optimal PRAUC: 0.83702
Final optimal value: 1.5095,1.5095
Optimal centerFilter: gaussian
Optimal PRAUC: 0.83702
Optimizing parameter: cellSigma
Iteration 1, values: 0.33333,0.66667,1,1.3333,1.6667,2,3,4,0.33333,0.66667,1,1.3333,1.6667,2,3,4
Optimal this iteration: 1,1
Optimal PRAUC: 0.83702
Iteration 2, values: 0.63333,0.7381,0.84286,0.94762,1.0524,1.1571,1.2619,1.3667,1,0.63333,0.7381,0.84286,0.94762,1.0524,1.1571,1.2619,1.3667,1
Optimal this iteration: 0.94762,0.94762
Optimal PRAUC: 0.83742
Final optimal value: 0.94762,0.94762
Optimizing parameter: binSigma
Iteration 1, values: 0.5,1,1.5,2,2.5,3,3.5,4
Optimal this iteration: 1
Optimal PRAUC: 0.83742
Iteration 2, values: 0.65,0.75,0.85,0.95,1.05,1.15,1.25,1.35,1
Optimal this iteration: 0.95
Optimal PRAUC: 0.83884
Final optimal value: 0.95
Optimizing parameter: binCount
Iteration 1, values: 4,5,6,7,8,9,10,11,12,13,14,15,16
Optimal this iteration: 12
Optimal PRAUC: 0.83936
Final optimal value: 12
Optimizing parameter: normSigma
Iteration 1, values: 1,2,3,4,5,1,2,3,4,5
Optimal this iteration: 2,2
Optimal PRAUC: 0.83936
Iteration 2, values: 1.6,1.8,2,2.2,2.4,1.6,1.8,2,2.2,2.4
Optimal this iteration: 2.4,2.4
Optimal PRAUC: 0.83937
Final optimal value: 2.4,2.4
[13931s] Iteration 2
Optimal gridType: concentric polar
Optimal gridSize: 12,2
Optimal cellFilter: polar gaussian
Optimal PRAUC: 0.83996
Optimizing parameter: gridRadius
Iteration 1, values: 2.5,5,7.5,10,12.5,15,17.5,20,30,40
Optimal this iteration: 10
Optimal PRAUC: 0.84351
Iteration 2, values: 6.25,7.0833,7.9167,8.75,9.5833,10.4167,11.25,12.0833,12.9167,13.75,10
Optimal this iteration: 9.5833
Optimal PRAUC: 0.84366
Final optimal value: 9.5833
Optimizing parameter: centerSigma
Iteration 1, values: 0.33333,0.66667,1,1.3333,1.6667,2,3,4,0.33333,0.66667,1,1.3333,1.6667,2,3,4
Optimal this iteration: 1.6667,1.6667
Optimal PRAUC: 0.84374
Iteration 2, values: 1.3,1.4048,1.5095,1.6143,1.719,1.8238,1.9286,2.0333,1.6667,1.3,1.4048,1.5095,1.6143,1.719,1.8238,1.9286,2.0333,1.6667
Optimal this iteration: 1.6143,1.6143
Optimal PRAUC: 0.84393
Final optimal value: 1.6143,1.6143
Optimal centerFilter: gaussian
Optimal PRAUC: 0.84393
Optimizing parameter: cellSigma
Iteration 1, values: 0.33333,0.66667,1,1.3333,1.6667,2,3,4,0.33333,0.66667,1,1.3333,1.6667,2,3,4
Optimal this iteration: 1,1
Optimal PRAUC: 0.84273
Iteration 2, values: 0.63333,0.7381,0.84286,0.94762,1.0524,1.1571,1.2619,1.3667,1,0.63333,0.7381,0.84286,0.94762,1.0524,1.1571,1.2619,1.3667,1
Optimal this iteration: 0.94762,0.94762
Optimal PRAUC: 0.84393
Final optimal value: 0.94762,0.94762
Optimizing parameter: binSigma
Iteration 1, values: 0.5,1,1.5,2,2.5,3,3.5,4
Optimal this iteration: 1
Optimal PRAUC: 0.8434
Iteration 2, values: 0.65,0.75,0.85,0.95,1.05,1.15,1.25,1.35,1
Optimal this iteration: 0.95
Optimal PRAUC: 0.84393
Final optimal value: 0.95
Optimizing parameter: binCount
Iteration 1, values: 4,5,6,7,8,9,10,11,12,13,14,15,16
Optimal this iteration: 14
Optimal PRAUC: 0.84459
Final optimal value: 14
Optimizing parameter: normSigma
Iteration 1, values: 1,2,3,4,5,1,2,3,4,5
Optimal this iteration: 2,2
Optimal PRAUC: 0.84464
Iteration 2, values: 1.6,1.8,2,2.2,2.4,1.6,1.8,2,2.2,2.4
Optimal this iteration: 2,2
Optimal PRAUC: 0.84464
Final optimal value: 2,2
[32370s] Iteration 3
Optimal gridType: concentric polar
Optimal gridSize: 12,2
Optimal cellFilter: polar gaussian
Optimal PRAUC: 0.84464
Optimizing parameter: gridRadius
Iteration 1, values: 2.5,5,7.5,10,12.5,15,17.5,20,30,40
Optimal this iteration: 10
Optimal PRAUC: 0.84148
Iteration 2, values: 6.25,7.0833,7.9167,8.75,9.5833,10.4167,11.25,12.0833,12.9167,13.75,10
Optimal this iteration: 9.5833
Optimal PRAUC: 0.84464
Final optimal value: 9.5833
Optimizing parameter: centerSigma
Iteration 1, values: 0.33333,0.66667,1,1.3333,1.6667,2,3,4,0.33333,0.66667,1,1.3333,1.6667,2,3,4
Optimal this iteration: 1.6667,1.6667
Optimal PRAUC: 0.84465
Iteration 2, values: 1.3,1.4048,1.5095,1.6143,1.719,1.8238,1.9286,2.0333,1.6667,1.3,1.4048,1.5095,1.6143,1.719,1.8238,1.9286,2.0333,1.6667
Optimal this iteration: 1.4048,1.4048
Optimal PRAUC: 0.84466
Final optimal value: 1.4048,1.4048
Optimal centerFilter: gaussian
Optimal PRAUC: 0.84466
Optimizing parameter: cellSigma
Iteration 1, values: 0.33333,0.66667,1,1.3333,1.6667,2,3,4,0.33333,0.66667,1,1.3333,1.6667,2,3,4
Optimal this iteration: 1,1
Optimal PRAUC: 0.84338
Iteration 2, values: 0.63333,0.7381,0.84286,0.94762,1.0524,1.1571,1.2619,1.3667,1,0.63333,0.7381,0.84286,0.94762,1.0524,1.1571,1.2619,1.3667,1
Optimal this iteration: 0.94762,0.94762
Optimal PRAUC: 0.84466
Final optimal value: 0.94762,0.94762
Optimizing parameter: binSigma
Iteration 1, values: 0.5,1,1.5,2,2.5,3,3.5,4
Optimal this iteration: 1
Optimal PRAUC: 0.84471
Iteration 2, values: 0.65,0.75,0.85,0.95,1.05,1.15,1.25,1.35,1
Optimal this iteration: 1.15
Optimal PRAUC: 0.84513
Final optimal value: 1.15
Optimizing parameter: binCount
Iteration 1, values: 4,5,6,7,8,9,10,11,12,13,14,15,16
Optimal this iteration: 14
Optimal PRAUC: 0.84513
Final optimal value: 14
Optimizing parameter: normSigma
Iteration 1, values: 1,2,3,4,5,1,2,3,4,5
Optimal this iteration: 2,2
Optimal PRAUC: 0.84513
Iteration 2, values: 1.6,1.8,2,2.2,2.4,1.6,1.8,2,2.2,2.4
Optimal this iteration: 1.6,1.6
Optimal PRAUC: 0.84532
Final optimal value: 1.6,1.6

totalTime =

[53127s]

