Optimization of parameters started
Total number of grid parameters to test: 84
[0s] Iteration 1
Optimal gridType: polar central
Optimal gridSize: 8,3
Optimal cellFilter: gaussian
Optimal PRAUC: 0.8424
Optimizing parameter: gridRadius
Iteration 1, values: 2.5,5,7.5,10,12.5,15,17.5,20,30,40
Optimal this iteration: 10
Optimal PRAUC: 0.8424
Iteration 2, values: 6.25,7.0833,7.9167,8.75,9.5833,10.4167,11.25,12.0833,12.9167,13.75,10
Optimal this iteration: 10.4167
Optimal PRAUC: 0.84381
Final optimal value: 10.4167
Optimizing parameter: centerSigma
Iteration 1, values: 0.33333,0.66667,1,1.3333,1.6667,2,3,4,0.33333,0.66667,1,1.3333,1.6667,2,3,4
Optimal this iteration: 1.3333,1.3333
Optimal PRAUC: 0.8442
Iteration 2, values: 0.96667,1.0714,1.1762,1.281,1.3857,1.4905,1.5952,1.7,1.3333,0.96667,1.0714,1.1762,1.281,1.3857,1.4905,1.5952,1.7,1.3333
Optimal this iteration: 1.1762,1.1762
Optimal PRAUC: 0.84439
Final optimal value: 1.1762,1.1762
Optimal centerFilter: gaussian
Optimal PRAUC: 0.84439
Optimizing parameter: cellSigma
Iteration 1, values: 0.33333,0.66667,1,1.3333,1.6667,2,3,4,0.33333,0.66667,1,1.3333,1.6667,2,3,4
Optimal this iteration: 1,1
Optimal PRAUC: 0.84439
Iteration 2, values: 0.63333,0.7381,0.84286,0.94762,1.0524,1.1571,1.2619,1.3667,1,0.63333,0.7381,0.84286,0.94762,1.0524,1.1571,1.2619,1.3667,1
Optimal this iteration: 1,1
Optimal PRAUC: 0.84439
Final optimal value: 1,1
Optimizing parameter: binSigma
Iteration 1, values: 0.5,1,1.5,2,2.5,3,3.5,4
Optimal this iteration: 1
Optimal PRAUC: 0.84525
Iteration 2, values: 0.65,0.75,0.85,0.95,1.05,1.15,1.25,1.35,1
Optimal this iteration: 0.85
Optimal PRAUC: 0.84574
Final optimal value: 0.85
Optimizing parameter: binCount
Iteration 1, values: 4,5,6,7,8,9,10,11,12,13,14,15,16
Optimal this iteration: 8
Optimal PRAUC: 0.84574
Final optimal value: 8
Optimizing parameter: normSigma
Iteration 1, values: 1,2,3,4,5,6,7,8,9,10,1,2,3,4,5,6,7,8,9,10
Optimal this iteration: 2,2
Optimal PRAUC: 0.84574
Final optimal value: 2,2
[94s] Iteration 2
Optimal gridType: polar central
Optimal gridSize: 8,3
Optimal cellFilter: gaussian
Optimal PRAUC: 0.84574
Optimizing parameter: gridRadius
Iteration 1, values: 2.5,5,7.5,10,12.5,15,17.5,20,30,40
Optimal this iteration: 12.5
Optimal PRAUC: 0.84407
Iteration 2, values: 8.75,9.5833,10.4167,11.25,12.0833,12.9167,13.75,14.5833,15.4167,16.25,12.5
Optimal this iteration: 10.4167
Optimal PRAUC: 0.84574
Final optimal value: 10.4167
Optimizing parameter: centerSigma
Iteration 1, values: 0.33333,0.66667,1,1.3333,1.6667,2,3,4,0.33333,0.66667,1,1.3333,1.6667,2,3,4
Optimal this iteration: 1.6667,1.6667
Optimal PRAUC: 0.84587
Iteration 2, values: 1.3,1.4048,1.5095,1.6143,1.719,1.8238,1.9286,2.0333,1.6667,1.3,1.4048,1.5095,1.6143,1.719,1.8238,1.9286,2.0333,1.6667
Optimal this iteration: 1.719,1.719
Optimal PRAUC: 0.84608
Final optimal value: 1.719,1.719
Optimal centerFilter: gaussian
Optimal PRAUC: 0.84608
Optimizing parameter: cellSigma
Iteration 1, values: 0.33333,0.66667,1,1.3333,1.6667,2,3,4,0.33333,0.66667,1,1.3333,1.6667,2,3,4
Optimal this iteration: 1,1
Optimal PRAUC: 0.84608
Iteration 2, values: 0.63333,0.7381,0.84286,0.94762,1.0524,1.1571,1.2619,1.3667,1,0.63333,0.7381,0.84286,0.94762,1.0524,1.1571,1.2619,1.3667,1
Optimal this iteration: 1.0524,1.0524
Optimal PRAUC: 0.84645
Final optimal value: 1.0524,1.0524
Optimizing parameter: binSigma
Iteration 1, values: 0.5,1,1.5,2,2.5,3,3.5,4
Optimal this iteration: 1
Optimal PRAUC: 0.84516
Iteration 2, values: 0.65,0.75,0.85,0.95,1.05,1.15,1.25,1.35,1
Optimal this iteration: 0.85
Optimal PRAUC: 0.84645
Final optimal value: 0.85
Optimizing parameter: binCount
Iteration 1, values: 4,5,6,7,8,9,10,11,12,13,14,15,16
Optimal this iteration: 8
Optimal PRAUC: 0.84645
Final optimal value: 8
Optimizing parameter: normSigma
Iteration 1, values: 1,2,3,4,5,6,7,8,9,10,1,2,3,4,5,6,7,8,9,10
Optimal this iteration: 2,2
Optimal PRAUC: 0.84645
Final optimal value: 2,2
[13808s] Iteration 3
Optimal gridType: polar central
Optimal gridSize: 8,3
Optimal cellFilter: gaussian
Optimal PRAUC: 0.84645
Optimizing parameter: gridRadius
Iteration 1, values: 2.5,5,7.5,10,12.5,15,17.5,20,30,40
Optimal this iteration: 10
Optimal PRAUC: 0.84289
Iteration 2, values: 6.25,7.0833,7.9167,8.75,9.5833,10.4167,11.25,12.0833,12.9167,13.75,10
Optimal this iteration: 10.4167
Optimal PRAUC: 0.84645
Final optimal value: 10.4167
Optimizing parameter: centerSigma
Iteration 1, values: 0.33333,0.66667,1,1.3333,1.6667,2,3,4,0.33333,0.66667,1,1.3333,1.6667,2,3,4
Optimal this iteration: 1.6667,1.6667
Optimal PRAUC: 0.84647
Iteration 2, values: 1.3,1.4048,1.5095,1.6143,1.719,1.8238,1.9286,2.0333,1.6667,1.3,1.4048,1.5095,1.6143,1.719,1.8238,1.9286,2.0333,1.6667
Optimal this iteration: 1.6667,1.6667
Optimal PRAUC: 0.84647
Final optimal value: 1.6667,1.6667
Optimal centerFilter: gaussian
Optimal PRAUC: 0.84647
Optimizing parameter: cellSigma
Iteration 1, values: 0.33333,0.66667,1,1.3333,1.6667,2,3,4,0.33333,0.66667,1,1.3333,1.6667,2,3,4
Optimal this iteration: 1,1
Optimal PRAUC: 0.84587
Iteration 2, values: 0.63333,0.7381,0.84286,0.94762,1.0524,1.1571,1.2619,1.3667,1,0.63333,0.7381,0.84286,0.94762,1.0524,1.1571,1.2619,1.3667,1
Optimal this iteration: 1.0524,1.0524
Optimal PRAUC: 0.84647
Final optimal value: 1.0524,1.0524
Optimizing parameter: binSigma
Iteration 1, values: 0.5,1,1.5,2,2.5,3,3.5,4
Optimal this iteration: 1
Optimal PRAUC: 0.8451
Iteration 2, values: 0.65,0.75,0.85,0.95,1.05,1.15,1.25,1.35,1
Optimal this iteration: 0.85
Optimal PRAUC: 0.84647
Final optimal value: 0.85
Optimizing parameter: binCount
Iteration 1, values: 4,5,6,7,8,9,10,11,12,13,14,15,16
Optimal this iteration: 8
Optimal PRAUC: 0.84647
Final optimal value: 8
Optimizing parameter: normSigma
Iteration 1, values: 1,2,3,4,5,6,7,8,9,10,1,2,3,4,5,6,7,8,9,10
Optimal this iteration: 2,2
Optimal PRAUC: 0.84647
Final optimal value: 2,2

totalTime =

[27607s]

