Optimization of parameters for SI (triangle bin filter) started.
Optimizing SVM parameter: logc
Iteration 1, values: -6,-5,-4,-3,-2,-1,0,1,2
PRAUCs: 0.53566     0.69021     0.82476     0.85794     0.86167     0.85398     0.84997     0.84494     0.83452
Optimal this iteration: -2
Optimal PRAUC: 0.86167
Iteration 2, values: -2.5,-2.4,-2.3,-2.2,-2.1,-2,-1.9,-1.8,-1.7,-1.6,-1.5
PRAUCs: 0.8614     0.86183     0.86194     0.86189     0.86186     0.86167     0.86108      0.8602     0.85908     0.85802     0.85687     0.86167
Optimal this iteration: -2.3
Optimal PRAUC: 0.86194
Final optimal value: -2.3

[2782s] Optimizing parameters (iteration 1/5):
PRAUCs: 0.86194     0.84441
Optimal gridType: square window
Optimal PRAUC: 0.86194

Optimizing method parameter: gridSize
Iteration 1, values: 2,2.5,3,3.5,4
PRAUCs: 0.83121     0.86194     0.84852     0.82509     0.79983
Optimal this iteration: 2.5
Optimal PRAUC: 0.86194
Iteration 2, values: 2.3,2.4,2.5,2.6,2.7
PRAUCs: 0.83957     0.84175     0.86194     0.84293     0.84486     0.86194
Optimal this iteration: 2.5
Optimal PRAUC: 0.86194
Final optimal value: 2.5

Optimizing method parameter: cellSigma
Iteration 1, values: 0.5,1,1.5,2,0.5,1,1.5,2
PRAUCs: 0.79853     0.84947     0.84708     0.84035
Optimal this iteration: 1,1
Optimal PRAUC: 0.84947
Iteration 2, values: 0.8,0.9,1,1.1,1.2,0.8,0.9,1,1.1,1.2
PRAUCs: 0.82328     0.83729     0.84947     0.86194     0.85193     0.86194
Optimal this iteration: 1.1,1.1
Optimal PRAUC: 0.86194
Final optimal value: 1.1,1.1

PRAUCs: 0.43677     0.86194
Optimal cellNormStrategy: 4
Optimal PRAUC: 0.86194

Optimizing method parameter: binSigma
Iteration 1, values: 0.5,1,1.5,2,2.5
PRAUCs: 0.824     0.86536     0.86373     0.86194     0.86081
Optimal this iteration: 1
Optimal PRAUC: 0.86536
Iteration 2, values: 0.8,0.9,1,1.1,1.2
PRAUCs: 0.86374     0.86403     0.86536     0.86574     0.86638     0.86194
Optimal this iteration: 1.2
Optimal PRAUC: 0.86638
Final optimal value: 1.2

Optimizing method parameter: binCount
Iteration 1, values: 4,5,6,7,8,9,10,11,12,13,14,15,16
PRAUCs: 0.82188     0.85079     0.85201     0.86414     0.86638     0.90192     0.90313     0.90285     0.89693      0.9068     0.90485     0.90783     0.90116     0.86638
Optimal this iteration: 15
Optimal PRAUC: 0.90783
Final optimal value: 15

Optimizing method parameter: normSigma
Iteration 1, values: 3,4,5,6,7,8,9,10,3,4,5,6,7,8,9,10
PRAUCs: 0.92145     0.94811     0.96459     0.97297     0.97724     0.97912     0.97942     0.97892
Optimal this iteration: 9,9
Optimal PRAUC: 0.97942
Iteration 2, values: 8.6,8.8,9,9.2,9.4,8.6,8.8,9,9.2,9.4
PRAUCs: 0.97945     0.97943     0.97942     0.97933     0.97925     0.90783
Optimal this iteration: 8.6,8.6
Optimal PRAUC: 0.97945
Final optimal value: 8.6,8.6

Optimizing SVM parameter: logc
Iteration 1, values: -6,-5,-4,-3,-2,-1,0,1,2
PRAUCs: 0.90634     0.96693     0.97968     0.98162     0.97791     0.97517      0.9738     0.96449     0.95825
Optimal this iteration: -3
Optimal PRAUC: 0.98162
Iteration 2, values: -3.5,-3.4,-3.3,-3.2,-3.1,-3,-2.9,-2.8,-2.7,-2.6,-2.5
PRAUCs: 0.98156     0.98169     0.98178     0.98183     0.98176     0.98162     0.98141     0.98122     0.98094     0.98064     0.98027     0.97945
Optimal this iteration: -3.2
Optimal PRAUC: 0.98183
Final optimal value: -3.2

[14849s] Optimizing parameters (iteration 2/5):
PRAUCs: 0.98183      0.9698
Optimal gridType: square window
Optimal PRAUC: 0.98183

Optimizing method parameter: gridSize
Iteration 1, values: 2,2.5,3,3.5,4
PRAUCs: 0.97506     0.98183      0.9634      0.9551      0.9279
Optimal this iteration: 2.5
Optimal PRAUC: 0.98183
Iteration 2, values: 2.3,2.4,2.5,2.6,2.7
PRAUCs: 0.97451     0.97248     0.98183     0.95798     0.96983     0.98183
Optimal this iteration: 2.5
Optimal PRAUC: 0.98183
Final optimal value: 2.5

Optimizing method parameter: cellSigma
Iteration 1, values: 0.5,1,1.5,2,0.5,1,1.5,2
PRAUCs: 0.97287     0.97972     0.95886     0.95709
Optimal this iteration: 1,1
Optimal PRAUC: 0.97972
Iteration 2, values: 0.8,0.9,1,1.1,1.2,0.8,0.9,1,1.1,1.2
PRAUCs: 0.97341     0.97694     0.97972     0.98183     0.96886     0.98183
Optimal this iteration: 1.1,1.1
Optimal PRAUC: 0.98183
Final optimal value: 1.1,1.1

PRAUCs: 0.61913     0.98183
Optimal cellNormStrategy: 4
Optimal PRAUC: 0.98183

Optimizing method parameter: binSigma
Iteration 1, values: 0.5,1,1.5,2,2.5
PRAUCs: 0.97268     0.98094     0.98113     0.97953     0.97686
Optimal this iteration: 1.5
Optimal PRAUC: 0.98113
Iteration 2, values: 1.3,1.4,1.5,1.6,1.7
PRAUCs: 0.98181     0.98147     0.98113     0.98071     0.98039     0.98183
Optimal this iteration: 1.2
Optimal PRAUC: 0.98183
Final optimal value: 1.2

Optimizing method parameter: binCount
Iteration 1, values: 4,5,6,7,8,9,10,11,12,13,14,15,16
PRAUCs: 0.94979     0.96375      0.9668     0.97015     0.97297     0.97934     0.98075     0.98047     0.98023     0.98133     0.98125     0.98183     0.98119     0.98183
Optimal this iteration: 15
Optimal PRAUC: 0.98183
Final optimal value: 15

Optimizing method parameter: normSigma
Iteration 1, values: 3,4,5,6,7,8,9,10,3,4,5,6,7,8,9,10
PRAUCs: 0.92901     0.95393     0.96834     0.97608     0.97986     0.98146     0.98186     0.98148
Optimal this iteration: 9,9
Optimal PRAUC: 0.98186
Iteration 2, values: 8.6,8.8,9,9.2,9.4,8.6,8.8,9,9.2,9.4
PRAUCs: 0.98183     0.98183     0.98186     0.98182     0.98174     0.98183
Optimal this iteration: 9,9
Optimal PRAUC: 0.98186
Final optimal value: 9,9

Optimizing SVM parameter: logc
Iteration 1, values: -6,-5,-4,-3,-2,-1,0,1,2
PRAUCs: 0.90849     0.96704     0.97966     0.98169     0.97799     0.97523     0.97385     0.96446     0.95809
Optimal this iteration: -3
Optimal PRAUC: 0.98169
Iteration 2, values: -3.5,-3.4,-3.3,-3.2,-3.1,-3,-2.9,-2.8,-2.7,-2.6,-2.5
PRAUCs: 0.98161     0.98173     0.98182     0.98186     0.98181     0.98169     0.98151     0.98133     0.98103     0.98072     0.98036     0.98186
Optimal this iteration: -3.2
Optimal PRAUC: 0.98186
Final optimal value: -3.2

[25415s] Optimizing parameters (iteration 3/5):
PRAUCs: 0.98186     0.97043
Optimal gridType: square window
Optimal PRAUC: 0.98186

Optimizing method parameter: gridSize
Iteration 1, values: 2,2.5,3,3.5,4
PRAUCs: 0.97541     0.98186     0.96431     0.95625     0.92928
Optimal this iteration: 2.5
Optimal PRAUC: 0.98186
Iteration 2, values: 2.3,2.4,2.5,2.6,2.7
PRAUCs: 0.97491     0.97289     0.98186     0.95926     0.97046     0.98186
Optimal this iteration: 2.5
Optimal PRAUC: 0.98186
Final optimal value: 2.5

Optimizing method parameter: cellSigma
Iteration 1, values: 0.5,1,1.5,2,0.5,1,1.5,2
PRAUCs: 0.97258     0.97984     0.96002      0.9581
Optimal this iteration: 1,1
Optimal PRAUC: 0.97984
Iteration 2, values: 0.8,0.9,1,1.1,1.2,0.8,0.9,1,1.1,1.2
PRAUCs: 0.97374     0.97716     0.97984     0.98186     0.96959     0.98186
Optimal this iteration: 1.1,1.1
Optimal PRAUC: 0.98186
Final optimal value: 1.1,1.1

PRAUCs: 0.63799     0.98186
Optimal cellNormStrategy: 4
Optimal PRAUC: 0.98186

Optimizing method parameter: binSigma
Iteration 1, values: 0.5,1,1.5,2,2.5
PRAUCs: 0.97271       0.981      0.9812     0.97964     0.97686
Optimal this iteration: 1.5
Optimal PRAUC: 0.9812
Iteration 2, values: 1.3,1.4,1.5,1.6,1.7
PRAUCs: 0.98188     0.98154      0.9812     0.98078     0.98043     0.98186
Optimal this iteration: 1.3
Optimal PRAUC: 0.98188
Final optimal value: 1.3

Optimizing method parameter: binCount
Iteration 1, values: 4,5,6,7,8,9,10,11,12,13,14,15,16
PRAUCs: 0.94982     0.96222     0.96572     0.96993     0.97244     0.97846     0.98021     0.98052     0.98062     0.98126      0.9813     0.98188     0.98138     0.98188
Optimal this iteration: 15
Optimal PRAUC: 0.98188
Final optimal value: 15

Optimizing method parameter: normSigma
Iteration 1, values: 3,4,5,6,7,8,9,10,3,4,5,6,7,8,9,10
PRAUCs: 0.92883     0.95359     0.96836     0.97605      0.9798     0.98149     0.98188      0.9815
Optimal this iteration: 9,9
Optimal PRAUC: 0.98188
Iteration 2, values: 8.6,8.8,9,9.2,9.4,8.6,8.8,9,9.2,9.4
PRAUCs: 0.98181     0.98184     0.98188     0.98185     0.98178     0.98188
Optimal this iteration: 9,9
Optimal PRAUC: 0.98188
Final optimal value: 9,9

Optimizing SVM parameter: logc
Iteration 1, values: -6,-5,-4,-3,-2,-1,0,1,2
PRAUCs: 0.90602      0.9658     0.97944     0.98178     0.97804      0.9752     0.97377     0.96517     0.95856
Optimal this iteration: -3
Optimal PRAUC: 0.98178
Iteration 2, values: -3.5,-3.4,-3.3,-3.2,-3.1,-3,-2.9,-2.8,-2.7,-2.6,-2.5
PRAUCs: 0.98155     0.98171     0.98178     0.98188     0.98188     0.98178     0.98161     0.98144     0.98117     0.98089     0.98053     0.98188
Optimal this iteration: -3.1
Optimal PRAUC: 0.98188
Final optimal value: -3.1

[38257s] Optimizing parameters (iteration 4/5):
PRAUCs: 0.98188     0.97041
Optimal gridType: square window
Optimal PRAUC: 0.98188

Optimizing method parameter: gridSize
Iteration 1, values: 2,2.5,3,3.5,4
PRAUCs: 0.97521     0.98188     0.96443     0.95669     0.93013
Optimal this iteration: 2.5
Optimal PRAUC: 0.98188
Iteration 2, values: 2.3,2.4,2.5,2.6,2.7
PRAUCs: 0.97489     0.97273     0.98188     0.95919     0.97045     0.98188
Optimal this iteration: 2.5
Optimal PRAUC: 0.98188
Final optimal value: 2.5

Optimizing method parameter: cellSigma
Iteration 1, values: 0.5,1,1.5,2,0.5,1,1.5,2
PRAUCs: 0.97211     0.97971     0.96053     0.95917
Optimal this iteration: 1,1
Optimal PRAUC: 0.97971
Iteration 2, values: 0.8,0.9,1,1.1,1.2,0.8,0.9,1,1.1,1.2
PRAUCs: 0.9735       0.977     0.97971     0.98188     0.96954     0.98188
Optimal this iteration: 1.1,1.1
Optimal PRAUC: 0.98188
Final optimal value: 1.1,1.1

PRAUCs: 0.65989     0.98188
Optimal cellNormStrategy: 4
Optimal PRAUC: 0.98188

Optimizing method parameter: binSigma
Iteration 1, values: 0.5,1,1.5,2,2.5
PRAUCs: 0.97239     0.98086     0.98128     0.97979     0.97733
Optimal this iteration: 1.5
Optimal PRAUC: 0.98128
Iteration 2, values: 1.3,1.4,1.5,1.6,1.7
PRAUCs: 0.98188     0.98156     0.98128     0.98087     0.98057     0.98188
Optimal this iteration: 1.3
Optimal PRAUC: 0.98188
Final optimal value: 1.3

Optimizing method parameter: binCount
Iteration 1, values: 4,5,6,7,8,9,10,11,12,13,14,15,16
PRAUCs: 0.95071     0.96309     0.96629     0.97045     0.97292      0.9789     0.98048     0.98076     0.98074     0.98132     0.98129     0.98188     0.98133     0.98188
Optimal this iteration: 15
Optimal PRAUC: 0.98188
Final optimal value: 15

Optimizing method parameter: normSigma
Iteration 1, values: 3,4,5,6,7,8,9,10,3,4,5,6,7,8,9,10
PRAUCs: 0.92829     0.95324     0.96815     0.97602      0.9798     0.98152     0.98188      0.9815
Optimal this iteration: 9,9
Optimal PRAUC: 0.98188
Iteration 2, values: 8.6,8.8,9,9.2,9.4,8.6,8.8,9,9.2,9.4
PRAUCs: 0.98184     0.98187     0.98188     0.98183     0.98173     0.98188
Optimal this iteration: 9,9
Optimal PRAUC: 0.98188
Final optimal value: 9,9

Optimizing SVM parameter: logc
Iteration 1, values: -6,-5,-4,-3,-2,-1,0,1,2
PRAUCs: 0.90602      0.9658     0.97944     0.98178     0.97804      0.9752     0.97377     0.96517     0.95856
Optimal this iteration: -3
Optimal PRAUC: 0.98178
Iteration 2, values: -3.5,-3.4,-3.3,-3.2,-3.1,-3,-2.9,-2.8,-2.7,-2.6,-2.5
PRAUCs: 0.98155     0.98171     0.98178     0.98188     0.98188     0.98178     0.98161     0.98144     0.98117     0.98089     0.98053     0.98188
Optimal this iteration: -3.1
Optimal PRAUC: 0.98188
Final optimal value: -3.1

[44497s] Optimizing parameters (iteration 5/5):
PRAUCs: 0.98188     0.97041
Optimal gridType: square window
Optimal PRAUC: 0.98188

Optimizing method parameter: gridSize
Iteration 1, values: 2,2.5,3,3.5,4
PRAUCs: 0.97521     0.98188     0.96443     0.95669     0.93013
Optimal this iteration: 2.5
Optimal PRAUC: 0.98188
Iteration 2, values: 2.3,2.4,2.5,2.6,2.7
PRAUCs: 0.97489     0.97273     0.98188     0.95919     0.97045     0.98188
Optimal this iteration: 2.5
Optimal PRAUC: 0.98188
Final optimal value: 2.5

Optimizing method parameter: cellSigma
Iteration 1, values: 0.5,1,1.5,2,0.5,1,1.5,2
PRAUCs: 0.97211     0.97971     0.96053     0.95917
Optimal this iteration: 1,1
Optimal PRAUC: 0.97971
Iteration 2, values: 0.8,0.9,1,1.1,1.2,0.8,0.9,1,1.1,1.2
PRAUCs: 0.9735       0.977     0.97971     0.98188     0.96954     0.98188
Optimal this iteration: 1.1,1.1
Optimal PRAUC: 0.98188
Final optimal value: 1.1,1.1

PRAUCs: 0.65989     0.98188
Optimal cellNormStrategy: 4
Optimal PRAUC: 0.98188

Optimizing method parameter: binSigma
Iteration 1, values: 0.5,1,1.5,2,2.5
PRAUCs: 0.97239     0.98086     0.98128     0.97979     0.97733
Optimal this iteration: 1.5
Optimal PRAUC: 0.98128
Iteration 2, values: 1.3,1.4,1.5,1.6,1.7
PRAUCs: 0.98188     0.98156     0.98128     0.98087     0.98057     0.98188
Optimal this iteration: 1.3
Optimal PRAUC: 0.98188
Final optimal value: 1.3

Optimizing method parameter: binCount
Iteration 1, values: 4,5,6,7,8,9,10,11,12,13,14,15,16
PRAUCs: 0.95071     0.96309     0.96629     0.97045     0.97292      0.9789     0.98048     0.98076     0.98074     0.98132     0.98129     0.98188     0.98133     0.98188
Optimal this iteration: 15
Optimal PRAUC: 0.98188
Final optimal value: 15

Optimizing method parameter: normSigma
Iteration 1, values: 3,4,5,6,7,8,9,10,3,4,5,6,7,8,9,10
PRAUCs: 0.92829     0.95324     0.96815     0.97602      0.9798     0.98152     0.98188      0.9815
Optimal this iteration: 9,9
Optimal PRAUC: 0.98188
Iteration 2, values: 8.6,8.8,9,9.2,9.4,8.6,8.8,9,9.2,9.4
PRAUCs: 0.98184     0.98187     0.98188     0.98183     0.98173     0.98188
Optimal this iteration: 9,9
Optimal PRAUC: 0.98188
Final optimal value: 9,9

Optimizing SVM parameter: logc
Iteration 1, values: -6,-5,-4,-3,-2,-1,0,1,2
PRAUCs: 0.90602      0.9658     0.97944     0.98178     0.97804      0.9752     0.97377     0.96517     0.95856
Optimal this iteration: -3
Optimal PRAUC: 0.98178
Iteration 2, values: -3.5,-3.4,-3.3,-3.2,-3.1,-3,-2.9,-2.8,-2.7,-2.6,-2.5
PRAUCs: 0.98155     0.98171     0.98178     0.98188     0.98188     0.98178     0.98161     0.98144     0.98117     0.98089     0.98053     0.98188
Optimal this iteration: -3.1
Optimal PRAUC: 0.98188
Final optimal value: -3.1


totalTime =

[45707s]


ans = 

              colour: 'gray'
         contentType: 'si'
       magnitudeType: 'c'
             rescale: 1
           scaleBase: 1.2599
         scaleOffset: 0
            gridType: 'square window'
            gridSize: 2.5000
          gridRadius: [134 70]
        centerFilter: 'none'
          cellFilter: 'gaussian'
           cellSigma: [1.1000 1.1000]
            normType: 'pixel'
           normSigma: [9 9]
           binFilter: 'triangle'
            binSigma: 1.3000
            binCount: 15
    cellNormStrategy: 4

[45707s] Computing test results:
