Optimization of parameters for GO (triangle bin filter) started.
Optimizing SVM parameter: logc
Iteration 1, values: -6,-5,-4,-3,-2,-1,0,1,2
PRAUCs: 0.53163     0.82433     0.93114     0.95316     0.95012     0.93872     0.92963     0.92656      0.9207
Optimal this iteration: -3
Optimal PRAUC: 0.95316
Iteration 2, values: -3.5,-3.4,-3.3,-3.2,-3.1,-3,-2.9,-2.8,-2.7,-2.6,-2.5
PRAUCs: 0.9475     0.94931     0.95069      0.9518     0.95262     0.95316      0.9536     0.95371     0.95356     0.95332     0.95297     0.95012
Optimal this iteration: -2.8
Optimal PRAUC: 0.95371
Final optimal value: -2.8

[1253s] Optimizing parameters (iteration 1/3):
PRAUCs: 0.95371     0.95411
Optimal gridType: triangle window
Optimal PRAUC: 0.95411

Optimizing method parameter: gridSize
Iteration 1, values: 2,2.5,3,3.5,4
PRAUCs: 0.95532     0.95411     0.95134     0.94648     0.94279
Optimal this iteration: 2
Optimal PRAUC: 0.95532
Iteration 2, values: 2,2.1,2.2,2.3,2.4
PRAUCs: 0.95532     0.95477     0.95447     0.95479      0.9539     0.95411
Optimal this iteration: 2
Optimal PRAUC: 0.95532
Final optimal value: 2

Optimizing method parameter: cellSigma
Iteration 1, values: 0.5,1,1.5,2,0.5,1,1.5,2
PRAUCs: 0.9529     0.95532     0.95342     0.94853
Optimal this iteration: 1,1
Optimal PRAUC: 0.95532
Iteration 2, values: 0.8,0.9,1,1.1,1.2,0.8,0.9,1,1.1,1.2
PRAUCs: 0.95523     0.95689     0.95532     0.95517     0.95501     0.95532
Optimal this iteration: 0.9,0.9
Optimal PRAUC: 0.95689
Final optimal value: 0.9,0.9

PRAUCs: 0.43175     0.95689
Optimal cellNormStrategy: 4
Optimal PRAUC: 0.95689

Optimizing method parameter: binSigma
Iteration 1, values: 0.5,1,1.5,2,2.5
PRAUCs: 0.93983     0.95482     0.95755     0.94564     0.93118
Optimal this iteration: 1.5
Optimal PRAUC: 0.95755
Iteration 2, values: 1.3,1.4,1.5,1.6,1.7
PRAUCs: 0.95726     0.95745     0.95755     0.95604     0.95427     0.95689
Optimal this iteration: 1.5
Optimal PRAUC: 0.95755
Final optimal value: 1.5

Optimizing method parameter: binCount
Iteration 1, values: 4,6,8,10,12,14,16
PRAUCs: 0.69827     0.92125     0.93141     0.95416     0.95755     0.96037     0.96189     0.95755
Optimal this iteration: 16
Optimal PRAUC: 0.96189
Final optimal value: 16

Optimizing method parameter: normSigma
Iteration 1, values: 3,4,5,6,7,8,9,10,3,4,5,6,7,8,9,10
PRAUCs: 0.98724     0.99517     0.99727     0.99803     0.99824     0.99822     0.99808     0.99779
Optimal this iteration: 7,7
Optimal PRAUC: 0.99824
Iteration 2, values: 6.6,6.8,7,7.2,7.4,6.6,6.8,7,7.2,7.4
PRAUCs: 0.99819     0.99822     0.99824     0.99824     0.99825     0.96189
Optimal this iteration: 7.4,7.4
Optimal PRAUC: 0.99825
Final optimal value: 7.4,7.4

Optimizing SVM parameter: logc
Iteration 1, values: -6,-5,-4,-3,-2,-1,0,1,2
PRAUCs: 0.93927     0.99294     0.99794     0.99826      0.9981     0.99799     0.99696     0.99132     0.98593
Optimal this iteration: -3
Optimal PRAUC: 0.99826
Iteration 2, values: -3.5,-3.4,-3.3,-3.2,-3.1,-3,-2.9,-2.8,-2.7,-2.6,-2.5
PRAUCs: 0.99821     0.99824     0.99825     0.99826     0.99827     0.99826     0.99825     0.99825     0.99823     0.99822      0.9982     0.99825
Optimal this iteration: -3.1
Optimal PRAUC: 0.99827
Final optimal value: -3.1

[14130s] Optimizing parameters (iteration 2/3):
PRAUCs: 0.99877     0.99827
Optimal gridType: square window
Optimal PRAUC: 0.99877

Optimizing method parameter: gridSize
Iteration 1, values: 2,2.5,3,3.5,4
PRAUCs: 0.99877     0.99272     0.99163     0.99144     0.95502
Optimal this iteration: 2
Optimal PRAUC: 0.99877
Iteration 2, values: 2,2.1,2.2,2.3,2.4
PRAUCs: 0.99877     0.99622     0.99595      0.9889     0.99426     0.99877
Optimal this iteration: 2
Optimal PRAUC: 0.99877
Final optimal value: 2

Optimizing method parameter: cellSigma
Iteration 1, values: 0.5,1,1.5,2,0.5,1,1.5,2
PRAUCs: 0.99779     0.99117     0.99478     0.98557
Optimal this iteration: 0.5,0.5
Optimal PRAUC: 0.99779
Iteration 2, values: 0.5,0.6,0.7,0.8,0.9,0.5,0.6,0.7,0.8,0.9
PRAUCs: 0.99779     0.99821     0.99847     0.99863     0.99877     0.99877
Optimal this iteration: 0.9,0.9
Optimal PRAUC: 0.99877
Final optimal value: 0.9,0.9

PRAUCs: 0.81658     0.99877
Optimal cellNormStrategy: 4
Optimal PRAUC: 0.99877

Optimizing method parameter: binSigma
Iteration 1, values: 0.5,1,1.5,2,2.5
PRAUCs: 0.9947      0.9987     0.99877     0.99844     0.99814
Optimal this iteration: 1.5
Optimal PRAUC: 0.99877
Iteration 2, values: 1.3,1.4,1.5,1.6,1.7
PRAUCs: 0.99878     0.99878     0.99877     0.99871     0.99866     0.99877
Optimal this iteration: 1.4
Optimal PRAUC: 0.99878
Final optimal value: 1.4

Optimizing method parameter: binCount
Iteration 1, values: 4,6,8,10,12,14,16
PRAUCs: 0.99263     0.99678     0.99729      0.9984      0.9986     0.99873     0.99878     0.99878
Optimal this iteration: 16
Optimal PRAUC: 0.99878
Final optimal value: 16

Optimizing method parameter: normSigma
Iteration 1, values: 3,4,5,6,7,8,9,10,3,4,5,6,7,8,9,10
PRAUCs: 0.98989     0.99676     0.99825     0.99866     0.99879     0.99874     0.99863     0.99837
Optimal this iteration: 7,7
Optimal PRAUC: 0.99879
Iteration 2, values: 6.6,6.8,7,7.2,7.4,6.6,6.8,7,7.2,7.4
PRAUCs: 0.99876     0.99878     0.99879     0.99878     0.99878     0.99878
Optimal this iteration: 7,7
Optimal PRAUC: 0.99879
Final optimal value: 7,7

Optimizing SVM parameter: logc
Iteration 1, values: -6,-5,-4,-3,-2,-1,0,1,2
PRAUCs: 0.93822      0.9939     0.99848      0.9988     0.99865     0.99858     0.99748     0.99186     0.98665
Optimal this iteration: -3
Optimal PRAUC: 0.9988
Iteration 2, values: -3.5,-3.4,-3.3,-3.2,-3.1,-3,-2.9,-2.8,-2.7,-2.6,-2.5
PRAUCs: 0.99876     0.99877     0.99879     0.99879     0.99879      0.9988      0.9988     0.99879     0.99878     0.99877     0.99875     0.99879
Optimal this iteration: -2.9
Optimal PRAUC: 0.9988
Final optimal value: -2.9

[27639s] Optimizing parameters (iteration 3/3):
PRAUCs: 0.9988     0.99827
Optimal gridType: square window
Optimal PRAUC: 0.9988

Optimizing method parameter: gridSize
Iteration 1, values: 2,2.5,3,3.5,4
PRAUCs: 0.9988     0.99222     0.99098     0.99126     0.95614
Optimal this iteration: 2
Optimal PRAUC: 0.9988
Iteration 2, values: 2,2.1,2.2,2.3,2.4
PRAUCs: 0.9988     0.99602      0.9958     0.98764     0.99379      0.9988
Optimal this iteration: 2
Optimal PRAUC: 0.9988
Final optimal value: 2

Optimizing method parameter: cellSigma
Iteration 1, values: 0.5,1,1.5,2,0.5,1,1.5,2
PRAUCs: 0.99768     0.99027     0.99445     0.98494
Optimal this iteration: 0.5,0.5
Optimal PRAUC: 0.99768
Iteration 2, values: 0.5,0.6,0.7,0.8,0.9,0.5,0.6,0.7,0.8,0.9
PRAUCs: 0.99768     0.99816     0.99846     0.99864      0.9988      0.9988
Optimal this iteration: 0.9,0.9
Optimal PRAUC: 0.9988
Final optimal value: 0.9,0.9

PRAUCs: 0.79807      0.9988
Optimal cellNormStrategy: 4
Optimal PRAUC: 0.9988

Optimizing method parameter: binSigma
Iteration 1, values: 0.5,1,1.5,2,2.5
PRAUCs: 0.99396     0.99868     0.99879     0.99846      0.9982
Optimal this iteration: 1.5
Optimal PRAUC: 0.99879
Iteration 2, values: 1.3,1.4,1.5,1.6,1.7
PRAUCs: 0.99879      0.9988     0.99879     0.99873     0.99867      0.9988
Optimal this iteration: 1.4
Optimal PRAUC: 0.9988
Final optimal value: 1.4

Optimizing method parameter: binCount
Iteration 1, values: 4,6,8,10,12,14,16
PRAUCs: 0.99264     0.99683     0.99727     0.99845      0.9986     0.99873      0.9988      0.9988
Optimal this iteration: 16
Optimal PRAUC: 0.9988
Final optimal value: 16

Optimizing method parameter: normSigma
Iteration 1, values: 3,4,5,6,7,8,9,10,3,4,5,6,7,8,9,10
PRAUCs: 0.99007     0.99675     0.99822     0.99866      0.9988     0.99874      0.9986     0.99838
Optimal this iteration: 7,7
Optimal PRAUC: 0.9988
Iteration 2, values: 6.6,6.8,7,7.2,7.4,6.6,6.8,7,7.2,7.4
PRAUCs: 0.99876     0.99878      0.9988      0.9988     0.99879      0.9988
Optimal this iteration: 7,7
Optimal PRAUC: 0.9988
Final optimal value: 7,7

Optimizing SVM parameter: logc
Iteration 1, values: -6,-5,-4,-3,-2,-1,0,1,2
PRAUCs: 0.93822      0.9939     0.99848      0.9988     0.99865     0.99858     0.99748     0.99186     0.98665
Optimal this iteration: -3
Optimal PRAUC: 0.9988
Iteration 2, values: -3.5,-3.4,-3.3,-3.2,-3.1,-3,-2.9,-2.8,-2.7,-2.6,-2.5
PRAUCs: 0.99876     0.99877     0.99879     0.99879     0.99879      0.9988      0.9988     0.99879     0.99878     0.99877     0.99875      0.9988
Optimal this iteration: -2.9
Optimal PRAUC: 0.9988
Final optimal value: -2.9


totalTime =

[37025s]


ans = 

              colour: 'gray'
         contentType: 'go'
       magnitudeType: 'm'
             rescale: 1
           scaleBase: 1.2599
         scaleOffset: 0
            gridType: 'square window'
            gridSize: 2
          gridRadius: [134 70]
        centerFilter: 'none'
          cellFilter: 'gaussian'
           cellSigma: [0.9000 0.9000]
            normType: 'pixel'
           normSigma: [7 7]
           binFilter: 'triangle'
            binSigma: 1.4000
            binCount: 16
    cellNormStrategy: 4

[37025s] Computing test results:
