Optimization of parameters for GO started.
Optimizing SVM parameter: logc
Iteration 1, values: -6,-5,-4,-3,-2,-1,0,1,2
PRAUCs: 0.52513     0.81054     0.92564     0.95239     0.95085      0.9402     0.92976     0.92595      0.9213
Optimal this iteration: -3
Optimal PRAUC: 0.95239
Iteration 2, values: -3.5,-3.4,-3.3,-3.2,-3.1,-3,-2.9,-2.8,-2.7,-2.6,-2.5
PRAUCs: 0.94478     0.94709     0.94902      0.9505     0.95158     0.95239     0.95298     0.95333     0.95342     0.95336     0.95321     0.95085
Optimal this iteration: -2.7
Optimal PRAUC: 0.95342
Final optimal value: -2.7

[883s] Optimizing parameters (iteration 1/3):
PRAUCs: 0.95342     0.95397
Optimal gridType: triangle window
Optimal PRAUC: 0.95397

Optimizing method parameter: gridSize
Iteration 1, values: 2,2.5,3,3.5,4
PRAUCs: 0.95476     0.95397     0.95135     0.94669     0.94314
Optimal this iteration: 2
Optimal PRAUC: 0.95476
Iteration 2, values: 2,2.1,2.2,2.3,2.4
PRAUCs: 0.95476      0.9544     0.95417     0.95444     0.95365     0.95397
Optimal this iteration: 2
Optimal PRAUC: 0.95476
Final optimal value: 2

Optimizing method parameter: cellSigma
Iteration 1, values: 0.5,1,1.5,2,0.5,1,1.5,2
PRAUCs: 0.95218     0.95476     0.95349     0.94901
Optimal this iteration: 1,1
Optimal PRAUC: 0.95476
Iteration 2, values: 0.8,0.9,1,1.1,1.2,0.8,0.9,1,1.1,1.2
PRAUCs: 0.95461      0.9566     0.95476     0.95484     0.95487     0.95476
Optimal this iteration: 0.9,0.9
Optimal PRAUC: 0.9566
Final optimal value: 0.9,0.9

PRAUCs: 0.43772      0.9566
Optimal cellNormStrategy: 4
Optimal PRAUC: 0.9566

Optimizing method parameter: binSigma
Iteration 1, values: 0.5,1,1.5,2,2.5
PRAUCs: 0.94499     0.95638     0.95481     0.94564     0.93306
Optimal this iteration: 1
Optimal PRAUC: 0.95638
Iteration 2, values: 0.8,0.9,1,1.1,1.2
PRAUCs: 0.9542     0.95554     0.95638     0.95655      0.9566      0.9566
Optimal this iteration: 1.2
Optimal PRAUC: 0.9566
Final optimal value: 1.2

Optimizing method parameter: binCount
Iteration 1, values: 4,6,8,10,12,14,16
PRAUCs: 0.74903     0.92986     0.93441     0.95404      0.9566     0.96003     0.96057      0.9566
Optimal this iteration: 16
Optimal PRAUC: 0.96057
Final optimal value: 16

Optimizing method parameter: normSigma
Iteration 1, values: 3,4,5,6,7,8,9,10,3,4,5,6,7,8,9,10
PRAUCs: 0.98675     0.99494     0.99716     0.99794     0.99818     0.99816     0.99802     0.99772
Optimal this iteration: 7,7
Optimal PRAUC: 0.99818
Iteration 2, values: 6.6,6.8,7,7.2,7.4,6.6,6.8,7,7.2,7.4
PRAUCs: 0.99811     0.99816     0.99818      0.9982     0.99821     0.96057
Optimal this iteration: 7.4,7.4
Optimal PRAUC: 0.99821
Final optimal value: 7.4,7.4

Optimizing SVM parameter: logc
Iteration 1, values: -6,-5,-4,-3,-2,-1,0,1,2
PRAUCs: 0.93569     0.99244     0.99786     0.99823     0.99806     0.99795      0.9968     0.99089     0.98556
Optimal this iteration: -3
Optimal PRAUC: 0.99823
Iteration 2, values: -3.5,-3.4,-3.3,-3.2,-3.1,-3,-2.9,-2.8,-2.7,-2.6,-2.5
PRAUCs: 0.99819     0.99822     0.99823     0.99824     0.99822     0.99823     0.99822     0.99823     0.99821     0.99818     0.99817     0.99821
Optimal this iteration: -3.2
Optimal PRAUC: 0.99824
Final optimal value: -3.2

[11746s] Optimizing parameters (iteration 2/3):
PRAUCs: 0.99871     0.99824
Optimal gridType: square window
Optimal PRAUC: 0.99871

Optimizing method parameter: gridSize
Iteration 1, values: 2,2.5,3,3.5,4
PRAUCs: 0.99871     0.99261     0.99122     0.99086     0.95249
Optimal this iteration: 2
Optimal PRAUC: 0.99871
Iteration 2, values: 2,2.1,2.2,2.3,2.4
PRAUCs: 0.99871     0.99615     0.99591     0.98867     0.99407     0.99871
Optimal this iteration: 2
Optimal PRAUC: 0.99871
Final optimal value: 2

Optimizing method parameter: cellSigma
Iteration 1, values: 0.5,1,1.5,2,0.5,1,1.5,2
PRAUCs: 0.99773       0.991     0.99455      0.9845
Optimal this iteration: 0.5,0.5
Optimal PRAUC: 0.99773
Iteration 2, values: 0.5,0.6,0.7,0.8,0.9,0.5,0.6,0.7,0.8,0.9
PRAUCs: 0.99773     0.99816     0.99843     0.99858     0.99871     0.99871
Optimal this iteration: 0.9,0.9
Optimal PRAUC: 0.99871
Final optimal value: 0.9,0.9

PRAUCs: 0.80928     0.99871
Optimal cellNormStrategy: 4
Optimal PRAUC: 0.99871

Optimizing method parameter: binSigma
Iteration 1, values: 0.5,1,1.5,2,2.5
PRAUCs: 0.99812     0.99873     0.99863     0.99829     0.99774
Optimal this iteration: 1
Optimal PRAUC: 0.99873
Iteration 2, values: 0.8,0.9,1,1.1,1.2
PRAUCs: 0.99868     0.99872     0.99873     0.99873     0.99871     0.99871
Optimal this iteration: 1.1
Optimal PRAUC: 0.99873
Final optimal value: 1.1

Optimizing method parameter: binCount
Iteration 1, values: 4,6,8,10,12,14,16
PRAUCs: 0.99233     0.99698      0.9973      0.9983     0.99848     0.99867     0.99873     0.99873
Optimal this iteration: 16
Optimal PRAUC: 0.99873
Final optimal value: 16

Optimizing method parameter: normSigma
Iteration 1, values: 3,4,5,6,7,8,9,10,3,4,5,6,7,8,9,10
PRAUCs: 0.98922     0.99652     0.99816      0.9986     0.99873     0.99871     0.99857     0.99831
Optimal this iteration: 7,7
Optimal PRAUC: 0.99873
Iteration 2, values: 6.6,6.8,7,7.2,7.4,6.6,6.8,7,7.2,7.4
PRAUCs: 0.99868     0.99871     0.99873     0.99873     0.99873     0.99873
Optimal this iteration: 7.4,7.4
Optimal PRAUC: 0.99873
Final optimal value: 7.4,7.4

Optimizing SVM parameter: logc
Iteration 1, values: -6,-5,-4,-3,-2,-1,0,1,2
PRAUCs: 0.94039     0.99387     0.99843     0.99872     0.99858     0.99851     0.99734     0.99174     0.98663
Optimal this iteration: -3
Optimal PRAUC: 0.99872
Iteration 2, values: -3.5,-3.4,-3.3,-3.2,-3.1,-3,-2.9,-2.8,-2.7,-2.6,-2.5
PRAUCs: 0.9987     0.99871     0.99873     0.99873     0.99873     0.99872     0.99872     0.99871     0.99868     0.99869     0.99866     0.99873
Optimal this iteration: -3.2
Optimal PRAUC: 0.99873
Final optimal value: -3.2

[24753s] Optimizing parameters (iteration 3/3):
PRAUCs: 0.99873     0.99825
Optimal gridType: square window
Optimal PRAUC: 0.99873

Optimizing method parameter: gridSize
Iteration 1, values: 2,2.5,3,3.5,4
PRAUCs: 0.99873     0.99272     0.99135     0.99108     0.95304
Optimal this iteration: 2
Optimal PRAUC: 0.99873
Iteration 2, values: 2,2.1,2.2,2.3,2.4
PRAUCs: 0.99873     0.99619     0.99599     0.98885     0.99416     0.99873
Optimal this iteration: 2
Optimal PRAUC: 0.99873
Final optimal value: 2

Optimizing method parameter: cellSigma
Iteration 1, values: 0.5,1,1.5,2,0.5,1,1.5,2
PRAUCs: 0.99776     0.99118     0.99459     0.98454
Optimal this iteration: 0.5,0.5
Optimal PRAUC: 0.99776
Iteration 2, values: 0.5,0.6,0.7,0.8,0.9,0.5,0.6,0.7,0.8,0.9
PRAUCs: 0.99776     0.99818     0.99844     0.99859     0.99873     0.99873
Optimal this iteration: 0.9,0.9
Optimal PRAUC: 0.99873
Final optimal value: 0.9,0.9

PRAUCs: 0.80391     0.99873
Optimal cellNormStrategy: 4
Optimal PRAUC: 0.99873

Optimizing method parameter: binSigma
Iteration 1, values: 0.5,1,1.5,2,2.5
PRAUCs: 0.99812     0.99873     0.99863     0.99829     0.99774
Optimal this iteration: 1
Optimal PRAUC: 0.99873
Iteration 2, values: 0.8,0.9,1,1.1,1.2
PRAUCs: 0.99868     0.99872     0.99873     0.99873     0.99871     0.99873
Optimal this iteration: 1.1
Optimal PRAUC: 0.99873
Final optimal value: 1.1

Optimizing method parameter: binCount
Iteration 1, values: 4,6,8,10,12,14,16
PRAUCs: 0.99233     0.99698      0.9973      0.9983     0.99848     0.99867     0.99873     0.99873
Optimal this iteration: 16
Optimal PRAUC: 0.99873
Final optimal value: 16

Optimizing method parameter: normSigma
Iteration 1, values: 3,4,5,6,7,8,9,10,3,4,5,6,7,8,9,10
PRAUCs: 0.98922     0.99652     0.99816      0.9986     0.99873     0.99871     0.99857     0.99831
Optimal this iteration: 7,7
Optimal PRAUC: 0.99873
Iteration 2, values: 6.6,6.8,7,7.2,7.4,6.6,6.8,7,7.2,7.4
PRAUCs: 0.99868     0.99871     0.99873     0.99873     0.99873     0.99873
Optimal this iteration: 7.4,7.4
Optimal PRAUC: 0.99873
Final optimal value: 7.4,7.4

Optimizing SVM parameter: logc
Iteration 1, values: -6,-5,-4,-3,-2,-1,0,1,2
PRAUCs: 0.94039     0.99387     0.99843     0.99872     0.99858     0.99851     0.99734     0.99174     0.98663
Optimal this iteration: -3
Optimal PRAUC: 0.99872
Iteration 2, values: -3.5,-3.4,-3.3,-3.2,-3.1,-3,-2.9,-2.8,-2.7,-2.6,-2.5
PRAUCs: 0.9987     0.99871     0.99873     0.99873     0.99873     0.99872     0.99872     0.99871     0.99868     0.99869     0.99866     0.99873
Optimal this iteration: -3.2
Optimal PRAUC: 0.99873
Final optimal value: -3.2


totalTime =

[29988s]


ans = 

              colour: 'gray'
         contentType: 'go'
       magnitudeType: 'm'
             rescale: 1
           scaleBase: 1.2599
         scaleOffset: 0
            gridType: 'square window'
            gridSize: 2
          gridRadius: [134 70]
        centerFilter: 'none'
          cellFilter: 'gaussian'
           cellSigma: [0.9000 0.9000]
            normType: 'pixel'
           normSigma: [7.4000 7.4000]
            binSigma: 1.1000
            binCount: 16
    cellNormStrategy: 4

[29988s] Computing test results:
