Optimization of parameters for SI started.
Optimizing SVM parameter: logc
Iteration 1, values: -6,-5,-4,-3,-2,-1,0,1,2
Optimal this iteration: -2
Optimal PRAUC: 0.92514
Iteration 2, values: -2.5,-2.4,-2.3,-2.2,-2.1,-2,-1.9,-1.8,-1.7,-1.6,-1.5
Optimal this iteration: -2.1
Optimal PRAUC: 0.92531
Final optimal value: -2.1

[348s] Optimizing parameters (iteration 1/3):
Optimal gridType: square window
Optimal PRAUC: 0.92531

Optimizing method parameter: gridSize
Iteration 1, values: 2,2.5,3,3.5,4
Optimal this iteration: 2.5
Optimal PRAUC: 0.92531
Iteration 2, values: 2.3,2.4,2.5,2.6,2.7
Optimal this iteration: 2.5
Optimal PRAUC: 0.92531
Final optimal value: 2.5

Optimizing method parameter: cellSigma
Iteration 1, values: 0.5,1,1.5,2,0.5,1,1.5,2
Optimal this iteration: 1,1
Optimal PRAUC: 0.92331
Iteration 2, values: 0.8,0.9,1,1.1,1.2,0.8,0.9,1,1.1,1.2
Optimal this iteration: 1.1,1.1
Optimal PRAUC: 0.92531
Final optimal value: 1.1,1.1

Optimal cellNormStrategy: 4
Optimal PRAUC: 0.92531

Optimizing method parameter: binSigma
Iteration 1, values: 0.5,1,1.5,2,2.5
Optimal this iteration: 1
Optimal PRAUC: 0.93199
Iteration 2, values: 0.8,0.9,1,1.1,1.2
Optimal this iteration: 1.1
Optimal PRAUC: 0.93216
Final optimal value: 1.1

Optimizing method parameter: binCount
Iteration 1, values: 4,5,6,7,8,9,10,11,12,13,14,15,16
Optimal this iteration: 14
Optimal PRAUC: 0.95291
Final optimal value: 14

Optimizing method parameter: normSigma
Iteration 1, values: 3,4,5,6,7,8,9,10,3,4,5,6,7,8,9,10
Optimal this iteration: 9,9
Optimal PRAUC: 0.99374
Iteration 2, values: 8.6,8.8,9,9.2,9.4,8.6,8.8,9,9.2,9.4
Optimal this iteration: 8.8,8.8
Optimal PRAUC: 0.99375
Final optimal value: 8.8,8.8

Optimizing SVM parameter: logc
Iteration 1, values: -6,-5,-4,-3,-2,-1,0,1,2
Optimal this iteration: -3
Optimal PRAUC: 0.99432
Iteration 2, values: -3.5,-3.4,-3.3,-3.2,-3.1,-3,-2.9,-2.8,-2.7,-2.6,-2.5
Optimal this iteration: -2.8
Optimal PRAUC: 0.99432
Final optimal value: -2.8

[8625s] Optimizing parameters (iteration 2/3):
Optimal gridType: square window
Optimal PRAUC: 0.99432

Optimizing method parameter: gridSize
Iteration 1, values: 2,2.5,3,3.5,4
Optimal this iteration: 2.5
Optimal PRAUC: 0.99432
Iteration 2, values: 2.3,2.4,2.5,2.6,2.7
Optimal this iteration: 2.5
Optimal PRAUC: 0.99432
Final optimal value: 2.5

Optimizing method parameter: cellSigma
Iteration 1, values: 0.5,1,1.5,2,0.5,1,1.5,2
Optimal this iteration: 1,1
Optimal PRAUC: 0.99364
Iteration 2, values: 0.8,0.9,1,1.1,1.2,0.8,0.9,1,1.1,1.2
Optimal this iteration: 1.1,1.1
Optimal PRAUC: 0.99432
Final optimal value: 1.1,1.1

Optimal cellNormStrategy: 4
Optimal PRAUC: 0.99432

Optimizing method parameter: binSigma
Iteration 1, values: 0.5,1,1.5,2,2.5
Optimal this iteration: 1
Optimal PRAUC: 0.99433
Iteration 2, values: 0.8,0.9,1,1.1,1.2
Optimal this iteration: 1
Optimal PRAUC: 0.99433
Final optimal value: 1

Optimizing method parameter: binCount
Iteration 1, values: 4,5,6,7,8,9,10,11,12,13,14,15,16
Optimal this iteration: 15
Optimal PRAUC: 0.99453
Final optimal value: 15

Optimizing method parameter: normSigma
Iteration 1, values: 3,4,5,6,7,8,9,10,3,4,5,6,7,8,9,10
Optimal this iteration: 9,9
Optimal PRAUC: 0.99456
Iteration 2, values: 8.6,8.8,9,9.2,9.4,8.6,8.8,9,9.2,9.4
Optimal this iteration: 9.2,9.2
Optimal PRAUC: 0.99456
Final optimal value: 9.2,9.2

Optimizing SVM parameter: logc
Iteration 1, values: -6,-5,-4,-3,-2,-1,0,1,2
Optimal this iteration: -3
Optimal PRAUC: 0.99455
Iteration 2, values: -3.5,-3.4,-3.3,-3.2,-3.1,-3,-2.9,-2.8,-2.7,-2.6,-2.5
Optimal this iteration: -2.9
Optimal PRAUC: 0.99456
Final optimal value: -2.9

[20319s] Optimizing parameters (iteration 3/3):
Optimal gridType: square window
Optimal PRAUC: 0.99456

Optimizing method parameter: gridSize
Iteration 1, values: 2,2.5,3,3.5,4
Optimal this iteration: 2.5
Optimal PRAUC: 0.99456
Iteration 2, values: 2.3,2.4,2.5,2.6,2.7
Optimal this iteration: 2.5
Optimal PRAUC: 0.99456
Final optimal value: 2.5

Optimizing method parameter: cellSigma
Iteration 1, values: 0.5,1,1.5,2,0.5,1,1.5,2
Optimal this iteration: 1,1
Optimal PRAUC: 0.99391
Iteration 2, values: 0.8,0.9,1,1.1,1.2,0.8,0.9,1,1.1,1.2
Optimal this iteration: 1.1,1.1
Optimal PRAUC: 0.99456
Final optimal value: 1.1,1.1

Optimal cellNormStrategy: 4
Optimal PRAUC: 0.99456

Optimizing method parameter: binSigma
Iteration 1, values: 0.5,1,1.5,2,2.5
Optimal this iteration: 1
Optimal PRAUC: 0.99456
Iteration 2, values: 0.8,0.9,1,1.1,1.2
Optimal this iteration: 0.9
Optimal PRAUC: 0.9946
Final optimal value: 0.9

Optimizing method parameter: binCount
Iteration 1, values: 4,5,6,7,8,9,10,11,12,13,14,15,16
Optimal this iteration: 15
Optimal PRAUC: 0.9946
Final optimal value: 15

Optimizing method parameter: normSigma
Iteration 1, values: 3,4,5,6,7,8,9,10,3,4,5,6,7,8,9,10
Optimal this iteration: 9,9
Optimal PRAUC: 0.99462
Iteration 2, values: 8.6,8.8,9,9.2,9.4,8.6,8.8,9,9.2,9.4
Optimal this iteration: 9,9
Optimal PRAUC: 0.99462
Final optimal value: 9,9

Optimizing SVM parameter: logc
Iteration 1, values: -6,-5,-4,-3,-2,-1,0,1,2
Optimal this iteration: -3
Optimal PRAUC: 0.99461
Iteration 2, values: -3.5,-3.4,-3.3,-3.2,-3.1,-3,-2.9,-2.8,-2.7,-2.6,-2.5
Optimal this iteration: -2.9
Optimal PRAUC: 0.99462
Final optimal value: -2.9


totalTime =

[30963s]


ans = 

  Columns 1 through 8

    'colour'    'gray'    'contentType'    'si'    'magnitudeType'    'c'    'rescale'    [1]

  Columns 9 through 15

    'scaleBase'    [1.2599]    'scaleOffset'    [0]    'gridType'    'square window'    'gridSize'

  Columns 16 through 22

    [2.5000]    'gridRadius'    [1x2 double]    'centerFilter'    'none'    'cellFilter'    'gaussian'

  Columns 23 through 29

    'cellSigma'    [1x2 double]    'normType'    'pixel'    'normSigma'    [1x2 double]    'binSigma'

  Columns 30 through 34

    [0.9000]    'binCount'    [15]    'cellNormStrategy'    [4]

[30963s] Computing test results:
